[debug] [2025-10-23T08:25:50.177Z] ----------------------------------------------------------------------
[debug] [2025-10-23T08:25:50.185Z] Command:       C:\Program Files\nodejs\node.exe C:\Users\Welcome\AppData\Roaming\npm\node_modules\firebase-tools\lib\bin\firebase.js init hosting
[debug] [2025-10-23T08:25:50.186Z] CLI Version:   14.21.0
[debug] [2025-10-23T08:25:50.186Z] Platform:      win32
[debug] [2025-10-23T08:25:50.186Z] Node Version:  v22.18.0
[debug] [2025-10-23T08:25:50.186Z] Time:          Thu Oct 23 2025 13:55:50 GMT+0530 (India Standard Time)
[debug] [2025-10-23T08:25:50.187Z] ----------------------------------------------------------------------
[debug] 
[info] 
     ######## #### ########  ######## ########     ###     ######  ########
     ##        ##  ##     ## ##       ##     ##  ##   ##  ##       ##
     ######    ##  ########  ######   ########  #########  ######  ######
     ##        ##  ##    ##  ##       ##     ## ##     ##       ## ##
     ##       #### ##     ## ######## ########  ##     ##  ######  ########

You're about to initialize a Firebase project in this directory:

  D:\college file\Angular\feedback-app\feedback-app

[info] 
=== Project Setup
[info] 
[info] First, let's associate this project directory with a Firebase project.
[info] You can create multiple project aliases by running firebase use --add, 
[info] 
[info] i  If you want to create a project in a Google Cloud organization or folder, please use "firebase projects:create" instead, and return to this command when you've created the project. 
[debug] [2025-10-23T08:26:00.494Z] > command requires scopes: ["email","openid","https://www.googleapis.com/auth/cloudplatformprojects.readonly","https://www.googleapis.com/auth/firebase","https://www.googleapis.com/auth/cloud-platform"]
[debug] [2025-10-23T08:26:00.494Z] > authorizing via signed-in user (beautymaurya9142@gmail.com)
